SF:lib/bloc_observer.dart
DA:5,0
DA:7,0
DA:8,0
DA:11,0
DA:13,0
DA:14,0
DA:17,0
DA:19,0
DA:20,0
DA:23,0
DA:25,0
DA:26,0
LF:12
LH:0
end_of_record
SF:lib/data/datasources/remote/user_remote_source.dart
DA:14,1
DA:16,1
DA:18,1
DA:21,2
DA:23,1
DA:26,1
DA:27,1
DA:31,2
DA:33,3
DA:35,2
DA:36,1
DA:38,0
LF:12
LH:11
end_of_record
SF:lib/data/models/user_model.dart
DA:5,6
DA:9,3
DA:11,4
DA:12,2
DA:13,2
DA:14,2
DA:16,2
DA:17,3
DA:19,4
DA:20,2
DA:21,2
LF:11
LH:11
end_of_record
SF:lib/domain/entities/user_entities.dart
DA:8,8
DA:16,3
DA:17,12
DA:19,1
LF:4
LH:4
end_of_record
SF:lib/data/repositories/user_repositories.dart
DA:8,1
DA:10,1
DA:13,2
DA:14,1
LF:4
LH:4
end_of_record
SF:lib/domain/usecases/login_usecase.dart
DA:8,1
DA:10,1
DA:13,3
DA:23,2
LF:4
LH:4
end_of_record
SF:lib/firebase_options.dart
DA:18,0
DA:20,0
DA:25,0
DA:26,0
DA:28,0
DA:30,0
DA:31,0
DA:35,0
DA:36,0
DA:40,0
DA:41,0
DA:46,0
LF:12
LH:0
end_of_record
SF:lib/injection_container.dart
DA:11,3
DA:13,0
DA:15,0
DA:16,0
DA:17,0
DA:22,0
DA:23,0
DA:24,0
DA:29,0
DA:30,0
DA:33,0
DA:34,0
DA:37,0
LF:13
LH:1
end_of_record
SF:lib/main.dart
DA:12,0
DA:13,0
DA:14,0
DA:15,0
DA:16,0
DA:18,0
DA:19,0
DA:23,7
DA:26,1
DA:28,1
DA:31,1
DA:32,1
DA:35,1
DA:36,3
LF:14
LH:7
end_of_record
SF:lib/presentation/bloc/login/login_event.dart
DA:4,1
DA:6,0
DA:7,0
DA:15,1
DA:20,0
DA:21,0
LF:6
LH:2
end_of_record
SF:lib/presentation/bloc/login/login_state.dart
DA:9,8
DA:14,1
DA:18,1
DA:19,1
DA:20,1
DA:21,0
DA:25,0
DA:26,0
DA:27,0
DA:28,0
DA:31,0
LF:11
LH:5
end_of_record
SF:lib/presentation/bloc/login/login_bloc.dart
DA:16,2
DA:17,2
DA:20,1
DA:22,1
DA:23,2
DA:24,1
DA:25,1
DA:26,1
DA:29,2
DA:30,1
DA:31,5
DA:34,0
DA:35,0
DA:36,0
DA:40,2
DA:41,1
DA:42,2
DA:43,2
LF:18
LH:15
end_of_record
SF:lib/presentation/pages/login.dart
DA:9,6
DA:11,1
DA:12,1
DA:20,1
DA:22,1
DA:23,1
DA:24,1
DA:26,1
DA:27,0
DA:28,0
DA:29,0
DA:31,0
DA:32,0
DA:37,1
DA:38,0
DA:39,0
DA:40,0
DA:41,0
DA:43,0
DA:44,0
DA:45,0
DA:47,0
DA:54,0
DA:56,0
DA:60,0
DA:61,0
DA:62,0
DA:64,0
DA:65,0
DA:66,0
DA:67,0
DA:68,0
DA:69,0
DA:73,0
DA:76,0
LF:35
LH:9
end_of_record
SF:lib/utils/form_submission.dart
DA:2,7
DA:6,6
DA:15,1
LF:3
LH:3
end_of_record
SF:lib/presentation/pages/home.dart
DA:4,6
DA:6,0
LF:2
LH:1
end_of_record
